<?xml version="1.0" encoding="UTF-8"?>
<testng-results ignored="4" total="7" passed="3" failed="0" skipped="0">
  <reporter-output>
  </reporter-output>
  <suite started-at="2023-05-11T11:30:28 IST" name="Suite" finished-at="2023-05-11T11:31:15 IST" duration-ms="46895">
    <groups>
      <group name="RegressionTest">
        <method signature="CreateCampaignWithProductWithPOM.CreateCampaignWithProduct()[pri:0, instance:Campaigns.CreateCampaignWithProductWithPOM@5ab956d7]" name="CreateCampaignWithProduct" class="Campaigns.CreateCampaignWithProductWithPOM"/>
      </group> <!-- RegressionTest -->
      <group name="smokeTest">
        <method signature="CreateContactwithOrganizationWithPOM.createContactwithOrganizationWithPOM()[pri:0, instance:Contacts.CreateContactwithOrganizationWithPOM@53aac487]" name="createContactwithOrganizationWithPOM" class="Contacts.CreateContactwithOrganizationWithPOM"/>
        <method signature="CreateCampaignWithProductWithPOM.CreateCampaignWithProduct()[pri:0, instance:Campaigns.CreateCampaignWithProductWithPOM@5ab956d7]" name="CreateCampaignWithProduct" class="Campaigns.CreateCampaignWithProductWithPOM"/>
        <method signature="CreateProductWithPOM.createProduct()[pri:0, instance:product.CreateProductWithPOM@3646a422]" name="createProduct" class="product.CreateProductWithPOM"/>
      </group> <!-- smokeTest -->
    </groups>
    <test started-at="2023-05-11T11:30:28 IST" name="Test" finished-at="2023-05-11T11:31:03 IST" duration-ms="35081">
      <class name="Contacts.CreateContactwithOrganizationWithPOM">
        <test-method is-config="true" signature="bT()[pri:0, instance:Contacts.CreateContactwithOrganizationWithPOM@53aac487]" started-at="2023-05-11T11:30:28 IST" name="bT" finished-at="2023-05-11T11:30:28 IST" duration-ms="1" status="PASS">
          <reporter-output>
          </reporter-output>
        </test-method> <!-- bT -->
        <test-method is-config="true" signature="bc(java.lang.String)[pri:0, instance:Contacts.CreateContactwithOrganizationWithPOM@53aac487]" started-at="2023-05-11T11:30:28 IST" name="bc" finished-at="2023-05-11T11:30:30 IST" duration-ms="2483" status="PASS">
          <params>
            <param index="0">
              <value>
                <![CDATA[chrome]]>
              </value>
            </param>
          </params>
          <reporter-output>
          </reporter-output>
        </test-method> <!-- bc -->
        <test-method is-config="true" signature="bM()[pri:0, instance:Contacts.CreateContactwithOrganizationWithPOM@53aac487]" started-at="2023-05-11T11:30:30 IST" name="bM" finished-at="2023-05-11T11:30:36 IST" duration-ms="5664" status="PASS">
          <reporter-output>
          </reporter-output>
        </test-method> <!-- bM -->
        <test-method signature="createContactwithOrganizationWithPOM()[pri:0, instance:Contacts.CreateContactwithOrganizationWithPOM@53aac487]" started-at="2023-05-11T11:30:36 IST" name="createContactwithOrganizationWithPOM" finished-at="2023-05-11T11:30:59 IST" duration-ms="23459" status="PASS">
          <reporter-output>
          </reporter-output>
        </test-method> <!-- createContactwithOrganizationWithPOM -->
        <test-method is-config="true" signature="aM()[pri:0, instance:Contacts.CreateContactwithOrganizationWithPOM@53aac487]" started-at="2023-05-11T11:30:59 IST" name="aM" finished-at="2023-05-11T11:31:02 IST" duration-ms="2876" status="PASS">
          <reporter-output>
          </reporter-output>
        </test-method> <!-- aM -->
        <test-method is-config="true" signature="aC()[pri:0, instance:Contacts.CreateContactwithOrganizationWithPOM@53aac487]" started-at="2023-05-11T11:31:02 IST" name="aC" finished-at="2023-05-11T11:31:03 IST" duration-ms="564" status="PASS">
          <reporter-output>
          </reporter-output>
        </test-method> <!-- aC -->
        <test-method is-config="true" signature="aT()[pri:0, instance:Contacts.CreateContactwithOrganizationWithPOM@53aac487]" started-at="2023-05-11T11:31:03 IST" name="aT" finished-at="2023-05-11T11:31:03 IST" duration-ms="1" status="PASS">
          <reporter-output>
          </reporter-output>
        </test-method> <!-- aT -->
      </class> <!-- Contacts.CreateContactwithOrganizationWithPOM -->
    </test> <!-- Test -->
    <test started-at="2023-05-11T11:30:28 IST" name="Test1" finished-at="2023-05-11T11:31:15 IST" duration-ms="46895">
      <class name="product.CreateProductWithPOM">
        <test-method is-config="true" signature="bc(java.lang.String)[pri:0, instance:product.CreateProductWithPOM@3646a422]" started-at="2023-05-11T11:30:59 IST" name="bc" finished-at="2023-05-11T11:31:01 IST" duration-ms="2633" status="PASS">
          <params>
            <param index="0">
              <value>
                <![CDATA[firefox]]>
              </value>
            </param>
          </params>
          <reporter-output>
          </reporter-output>
        </test-method> <!-- bc -->
        <test-method is-config="true" signature="bM()[pri:0, instance:product.CreateProductWithPOM@3646a422]" started-at="2023-05-11T11:31:01 IST" name="bM" finished-at="2023-05-11T11:31:04 IST" duration-ms="3210" status="PASS">
          <reporter-output>
          </reporter-output>
        </test-method> <!-- bM -->
        <test-method signature="createProduct()[pri:0, instance:product.CreateProductWithPOM@3646a422]" started-at="2023-05-11T11:31:04 IST" name="createProduct" finished-at="2023-05-11T11:31:12 IST" duration-ms="7261" status="PASS">
          <reporter-output>
          </reporter-output>
        </test-method> <!-- createProduct -->
        <test-method is-config="true" signature="aM()[pri:0, instance:product.CreateProductWithPOM@3646a422]" started-at="2023-05-11T11:31:12 IST" name="aM" finished-at="2023-05-11T11:31:14 IST" duration-ms="2097" status="PASS">
          <reporter-output>
          </reporter-output>
        </test-method> <!-- aM -->
        <test-method is-config="true" signature="aC()[pri:0, instance:product.CreateProductWithPOM@3646a422]" started-at="2023-05-11T11:31:14 IST" name="aC" finished-at="2023-05-11T11:31:15 IST" duration-ms="778" status="PASS">
          <reporter-output>
          </reporter-output>
        </test-method> <!-- aC -->
      </class> <!-- product.CreateProductWithPOM -->
      <class name="Campaigns.CreateCampaignWithProductWithPOM">
        <test-method is-config="true" signature="bS()[pri:0, instance:Campaigns.CreateCampaignWithProductWithPOM@5ab956d7]" started-at="2023-05-11T11:30:28 IST" name="bS" finished-at="2023-05-11T11:30:28 IST" duration-ms="8" status="PASS">
          <reporter-output>
          </reporter-output>
        </test-method> <!-- bS -->
        <test-method is-config="true" signature="bT()[pri:0, instance:Campaigns.CreateCampaignWithProductWithPOM@5ab956d7]" started-at="2023-05-11T11:30:28 IST" name="bT" finished-at="2023-05-11T11:30:28 IST" duration-ms="0" status="PASS">
          <reporter-output>
          </reporter-output>
        </test-method> <!-- bT -->
        <test-method is-config="true" signature="bc(java.lang.String)[pri:0, instance:Campaigns.CreateCampaignWithProductWithPOM@5ab956d7]" started-at="2023-05-11T11:30:28 IST" name="bc" finished-at="2023-05-11T11:30:33 IST" duration-ms="5659" status="PASS">
          <params>
            <param index="0">
              <value>
                <![CDATA[firefox]]>
              </value>
            </param>
          </params>
          <reporter-output>
          </reporter-output>
        </test-method> <!-- bc -->
        <test-method is-config="true" signature="bM()[pri:0, instance:Campaigns.CreateCampaignWithProductWithPOM@5ab956d7]" started-at="2023-05-11T11:30:33 IST" name="bM" finished-at="2023-05-11T11:30:37 IST" duration-ms="4017" status="PASS">
          <reporter-output>
          </reporter-output>
        </test-method> <!-- bM -->
        <test-method signature="CreateCampaignWithProduct()[pri:0, instance:Campaigns.CreateCampaignWithProductWithPOM@5ab956d7]" started-at="2023-05-11T11:30:37 IST" name="CreateCampaignWithProduct" finished-at="2023-05-11T11:30:55 IST" duration-ms="17971" status="PASS">
          <reporter-output>
          </reporter-output>
        </test-method> <!-- CreateCampaignWithProduct -->
        <test-method is-config="true" signature="aM()[pri:0, instance:Campaigns.CreateCampaignWithProductWithPOM@5ab956d7]" started-at="2023-05-11T11:30:55 IST" name="aM" finished-at="2023-05-11T11:30:58 IST" duration-ms="2266" status="PASS">
          <reporter-output>
          </reporter-output>
        </test-method> <!-- aM -->
        <test-method is-config="true" signature="aC()[pri:0, instance:Campaigns.CreateCampaignWithProductWithPOM@5ab956d7]" started-at="2023-05-11T11:30:58 IST" name="aC" finished-at="2023-05-11T11:30:59 IST" duration-ms="976" status="PASS">
          <reporter-output>
          </reporter-output>
        </test-method> <!-- aC -->
        <test-method is-config="true" signature="aT()[pri:0, instance:Campaigns.CreateCampaignWithProductWithPOM@5ab956d7]" started-at="2023-05-11T11:31:15 IST" name="aT" finished-at="2023-05-11T11:31:15 IST" duration-ms="0" status="PASS">
          <reporter-output>
          </reporter-output>
        </test-method> <!-- aT -->
        <test-method is-config="true" signature="aS()[pri:0, instance:Campaigns.CreateCampaignWithProductWithPOM@5ab956d7]" started-at="2023-05-11T11:31:15 IST" name="aS" finished-at="2023-05-11T11:31:15 IST" duration-ms="0" status="PASS">
          <reporter-output>
          </reporter-output>
        </test-method> <!-- aS -->
      </class> <!-- Campaigns.CreateCampaignWithProductWithPOM -->
    </test> <!-- Test1 -->
  </suite> <!-- Suite -->
</testng-results>
