<?xml version="1.0" encoding="UTF-8"?>
<testng-results ignored="4" total="7" passed="3" failed="0" skipped="0">
  <reporter-output>
  </reporter-output>
  <suite started-at="2023-05-09T22:33:35 IST" name="Suite" finished-at="2023-05-09T22:34:21 IST" duration-ms="45794">
    <groups>
      <group name="RegressionTest">
        <method signature="CreateCampaignWithProductWithPOM.CreateCampaignWithProduct()[pri:0, instance:Campaigns.CreateCampaignWithProductWithPOM@5ab956d7]" name="CreateCampaignWithProduct" class="Campaigns.CreateCampaignWithProductWithPOM"/>
      </group> <!-- RegressionTest -->
      <group name="smokeTest">
        <method signature="CreateContactwithOrganizationWithPOM.createContactwithOrganizationWithPOM()[pri:0, instance:Contacts.CreateContactwithOrganizationWithPOM@53aac487]" name="createContactwithOrganizationWithPOM" class="Contacts.CreateContactwithOrganizationWithPOM"/>
        <method signature="CreateCampaignWithProductWithPOM.CreateCampaignWithProduct()[pri:0, instance:Campaigns.CreateCampaignWithProductWithPOM@5ab956d7]" name="CreateCampaignWithProduct" class="Campaigns.CreateCampaignWithProductWithPOM"/>
        <method signature="CreateProductWithPOM.createProduct()[pri:0, instance:product.CreateProductWithPOM@3646a422]" name="createProduct" class="product.CreateProductWithPOM"/>
      </group> <!-- smokeTest -->
    </groups>
    <test started-at="2023-05-09T22:33:35 IST" name="Test" finished-at="2023-05-09T22:34:07 IST" duration-ms="32028">
      <class name="Contacts.CreateContactwithOrganizationWithPOM">
        <test-method is-config="true" signature="bT()[pri:0, instance:Contacts.CreateContactwithOrganizationWithPOM@53aac487]" started-at="2023-05-09T22:33:35 IST" name="bT" finished-at="2023-05-09T22:33:35 IST" duration-ms="1" status="PASS">
          <reporter-output>
          </reporter-output>
        </test-method> <!-- bT -->
        <test-method is-config="true" signature="bc(java.lang.String)[pri:0, instance:Contacts.CreateContactwithOrganizationWithPOM@53aac487]" started-at="2023-05-09T22:33:35 IST" name="bc" finished-at="2023-05-09T22:33:37 IST" duration-ms="2151" status="PASS">
          <params>
            <param index="0">
              <value>
                <![CDATA[chrome]]>
              </value>
            </param>
          </params>
          <reporter-output>
          </reporter-output>
        </test-method> <!-- bc -->
        <test-method is-config="true" signature="bM()[pri:0, instance:Contacts.CreateContactwithOrganizationWithPOM@53aac487]" started-at="2023-05-09T22:33:37 IST" name="bM" finished-at="2023-05-09T22:33:43 IST" duration-ms="5674" status="PASS">
          <reporter-output>
          </reporter-output>
        </test-method> <!-- bM -->
        <test-method signature="createContactwithOrganizationWithPOM()[pri:0, instance:Contacts.CreateContactwithOrganizationWithPOM@53aac487]" started-at="2023-05-09T22:33:43 IST" name="createContactwithOrganizationWithPOM" finished-at="2023-05-09T22:34:04 IST" duration-ms="21312" status="PASS">
          <reporter-output>
          </reporter-output>
        </test-method> <!-- createContactwithOrganizationWithPOM -->
        <test-method is-config="true" signature="aM()[pri:0, instance:Contacts.CreateContactwithOrganizationWithPOM@53aac487]" started-at="2023-05-09T22:34:04 IST" name="aM" finished-at="2023-05-09T22:34:06 IST" duration-ms="2476" status="PASS">
          <reporter-output>
          </reporter-output>
        </test-method> <!-- aM -->
        <test-method is-config="true" signature="aC()[pri:0, instance:Contacts.CreateContactwithOrganizationWithPOM@53aac487]" started-at="2023-05-09T22:34:06 IST" name="aC" finished-at="2023-05-09T22:34:07 IST" duration-ms="371" status="PASS">
          <reporter-output>
          </reporter-output>
        </test-method> <!-- aC -->
        <test-method is-config="true" signature="aT()[pri:0, instance:Contacts.CreateContactwithOrganizationWithPOM@53aac487]" started-at="2023-05-09T22:34:07 IST" name="aT" finished-at="2023-05-09T22:34:07 IST" duration-ms="0" status="PASS">
          <reporter-output>
          </reporter-output>
        </test-method> <!-- aT -->
      </class> <!-- Contacts.CreateContactwithOrganizationWithPOM -->
    </test> <!-- Test -->
    <test started-at="2023-05-09T22:33:35 IST" name="Test1" finished-at="2023-05-09T22:34:21 IST" duration-ms="45793">
      <class name="product.CreateProductWithPOM">
        <test-method is-config="true" signature="bc(java.lang.String)[pri:0, instance:product.CreateProductWithPOM@3646a422]" started-at="2023-05-09T22:34:05 IST" name="bc" finished-at="2023-05-09T22:34:07 IST" duration-ms="2757" status="PASS">
          <params>
            <param index="0">
              <value>
                <![CDATA[firefox]]>
              </value>
            </param>
          </params>
          <reporter-output>
          </reporter-output>
        </test-method> <!-- bc -->
        <test-method is-config="true" signature="bM()[pri:0, instance:product.CreateProductWithPOM@3646a422]" started-at="2023-05-09T22:34:07 IST" name="bM" finished-at="2023-05-09T22:34:10 IST" duration-ms="3027" status="PASS">
          <reporter-output>
          </reporter-output>
        </test-method> <!-- bM -->
        <test-method signature="createProduct()[pri:0, instance:product.CreateProductWithPOM@3646a422]" started-at="2023-05-09T22:34:10 IST" name="createProduct" finished-at="2023-05-09T22:34:18 IST" duration-ms="7446" status="PASS">
          <reporter-output>
          </reporter-output>
        </test-method> <!-- createProduct -->
        <test-method is-config="true" signature="aM()[pri:0, instance:product.CreateProductWithPOM@3646a422]" started-at="2023-05-09T22:34:18 IST" name="aM" finished-at="2023-05-09T22:34:20 IST" duration-ms="2063" status="PASS">
          <reporter-output>
          </reporter-output>
        </test-method> <!-- aM -->
        <test-method is-config="true" signature="aC()[pri:0, instance:product.CreateProductWithPOM@3646a422]" started-at="2023-05-09T22:34:20 IST" name="aC" finished-at="2023-05-09T22:34:21 IST" duration-ms="748" status="PASS">
          <reporter-output>
          </reporter-output>
        </test-method> <!-- aC -->
      </class> <!-- product.CreateProductWithPOM -->
      <class name="Campaigns.CreateCampaignWithProductWithPOM">
        <test-method is-config="true" signature="bS()[pri:0, instance:Campaigns.CreateCampaignWithProductWithPOM@5ab956d7]" started-at="2023-05-09T22:33:35 IST" name="bS" finished-at="2023-05-09T22:33:35 IST" duration-ms="5" status="PASS">
          <reporter-output>
          </reporter-output>
        </test-method> <!-- bS -->
        <test-method is-config="true" signature="bT()[pri:0, instance:Campaigns.CreateCampaignWithProductWithPOM@5ab956d7]" started-at="2023-05-09T22:33:35 IST" name="bT" finished-at="2023-05-09T22:33:35 IST" duration-ms="1" status="PASS">
          <reporter-output>
          </reporter-output>
        </test-method> <!-- bT -->
        <test-method is-config="true" signature="bc(java.lang.String)[pri:0, instance:Campaigns.CreateCampaignWithProductWithPOM@5ab956d7]" started-at="2023-05-09T22:33:35 IST" name="bc" finished-at="2023-05-09T22:33:40 IST" duration-ms="5189" status="PASS">
          <params>
            <param index="0">
              <value>
                <![CDATA[firefox]]>
              </value>
            </param>
          </params>
          <reporter-output>
          </reporter-output>
        </test-method> <!-- bc -->
        <test-method is-config="true" signature="bM()[pri:0, instance:Campaigns.CreateCampaignWithProductWithPOM@5ab956d7]" started-at="2023-05-09T22:33:40 IST" name="bM" finished-at="2023-05-09T22:33:44 IST" duration-ms="4068" status="PASS">
          <reporter-output>
          </reporter-output>
        </test-method> <!-- bM -->
        <test-method signature="CreateCampaignWithProduct()[pri:0, instance:Campaigns.CreateCampaignWithProductWithPOM@5ab956d7]" started-at="2023-05-09T22:33:44 IST" name="CreateCampaignWithProduct" finished-at="2023-05-09T22:34:01 IST" duration-ms="17357" status="PASS">
          <reporter-output>
          </reporter-output>
        </test-method> <!-- CreateCampaignWithProduct -->
        <test-method is-config="true" signature="aM()[pri:0, instance:Campaigns.CreateCampaignWithProductWithPOM@5ab956d7]" started-at="2023-05-09T22:34:01 IST" name="aM" finished-at="2023-05-09T22:34:04 IST" duration-ms="2209" status="PASS">
          <reporter-output>
          </reporter-output>
        </test-method> <!-- aM -->
        <test-method is-config="true" signature="aC()[pri:0, instance:Campaigns.CreateCampaignWithProductWithPOM@5ab956d7]" started-at="2023-05-09T22:34:04 IST" name="aC" finished-at="2023-05-09T22:34:05 IST" duration-ms="892" status="PASS">
          <reporter-output>
          </reporter-output>
        </test-method> <!-- aC -->
        <test-method is-config="true" signature="aT()[pri:0, instance:Campaigns.CreateCampaignWithProductWithPOM@5ab956d7]" started-at="2023-05-09T22:34:21 IST" name="aT" finished-at="2023-05-09T22:34:21 IST" duration-ms="0" status="PASS">
          <reporter-output>
          </reporter-output>
        </test-method> <!-- aT -->
        <test-method is-config="true" signature="aS()[pri:0, instance:Campaigns.CreateCampaignWithProductWithPOM@5ab956d7]" started-at="2023-05-09T22:34:21 IST" name="aS" finished-at="2023-05-09T22:34:21 IST" duration-ms="0" status="PASS">
          <reporter-output>
          </reporter-output>
        </test-method> <!-- aS -->
      </class> <!-- Campaigns.CreateCampaignWithProductWithPOM -->
    </test> <!-- Test1 -->
  </suite> <!-- Suite -->
</testng-results>
